c:\users\supra\source\repos\dji archview client\djivideoparser\x64\debug\pch.pch
c:\users\supra\source\repos\dji archview client\djivideoparser\x64\debug\vc142.pdb
c:\users\supra\source\repos\dji archview client\djivideoparser\x64\debug\vc142.idb
c:\users\supra\source\repos\dji archview client\djivideoparser\x64\debug\pch.obj
c:\users\supra\source\repos\dji archview client\djivideoparser\x64\debug\queue.obj
c:\users\supra\source\repos\dji archview client\djivideoparser\x64\debug\rendersurface.obj
c:\users\supra\source\repos\dji archview client\djivideoparser\x64\debug\modulemediator.obj
c:\users\supra\source\repos\dji archview client\djivideoparser\x64\debug\parser.obj
c:\users\supra\source\repos\dji archview client\djivideoparser\x64\debug\calibrationvideofeedrenderer.obj
c:\users\supra\source\repos\dji archview client\djivideoparser\x64\debug\videoparser.obj
c:\users\supra\source\repos\dji archview client\djivideoparser\x64\debug\videofeedrenderer.obj
c:\users\supra\source\repos\dji archview client\djivideoparser\x64\debug\utils.obj
c:\users\supra\source\repos\dji archview client\djivideoparser\x64\debug\opengles.obj
c:\users\supra\source\repos\dji archview client\djivideoparser\x64\debug\videowrapper.obj
c:\users\supra\source\repos\dji archview client\djivideoparser\x64\debug\calibrationdatasource.obj
c:\users\supra\source\repos\dji archview client\djivideoparser\x64\debug\videoparsermgr.obj
c:\users\supra\source\repos\dji archview client\djivideoparser\x64\debug\h264_decoder.obj
c:\users\supra\source\repos\dji archview client\x64\debug\djivideoparser\djivideoparser.winmd
c:\users\supra\source\repos\dji archview client\x64\debug\djivideoparser\djivideoparser.lib
c:\users\supra\source\repos\dji archview client\x64\debug\djivideoparser\djivideoparser.exp
c:\users\supra\source\repos\dji archview client\djivideoparser\x64\debug\priconfig.xml
c:\users\supra\source\repos\dji archview client\djivideoparser\x64\debug\priconfig.xml.intermediate
c:\users\supra\source\repos\dji archview client\djivideoparser\x64\debug\unfiltered.layout.resfiles
c:\users\supra\source\repos\dji archview client\djivideoparser\x64\debug\unfiltered.layout.resfiles.intermediate
c:\users\supra\source\repos\dji archview client\djivideoparser\x64\debug\filtered.layout.resfiles
c:\users\supra\source\repos\dji archview client\djivideoparser\x64\debug\filtered.layout.resfiles.intermediate
c:\users\supra\source\repos\dji archview client\djivideoparser\x64\debug\excluded.layout.resfiles
c:\users\supra\source\repos\dji archview client\djivideoparser\x64\debug\excluded.layout.resfiles.intermediate
c:\users\supra\source\repos\dji archview client\djivideoparser\x64\debug\resources.resfiles
c:\users\supra\source\repos\dji archview client\djivideoparser\x64\debug\resources.resfiles.intermediate
c:\users\supra\source\repos\dji archview client\djivideoparser\x64\debug\pri.resfiles
c:\users\supra\source\repos\dji archview client\djivideoparser\x64\debug\pri.resfiles.intermediate
c:\users\supra\source\repos\dji archview client\x64\debug\djivideoparser\djivideoparser.pri
c:\users\supra\source\repos\dji archview client\djivideoparser\x64\debug\qualifiers.txt
c:\users\supra\source\repos\dji archview client\djivideoparser\x64\debug\qualifiers.txt.intermediate
c:\users\supra\source\repos\dji archview client\djivideoparser\x64\debug\multiplequalifiersperdimensionfound.txt
c:\users\supra\source\repos\dji archview client\djivideoparser\x64\debug\djivideoparser.vcxprojassemblyreference.cache
c:\users\supra\source\repos\dji archview client\x64\debug\djivideoparser\djivideoparser.dll
c:\users\supra\source\repos\dji archview client\x64\debug\djivideoparser\djivideoparser.ilk
c:\users\supra\source\repos\dji archview client\x64\debug\djivideoparser\djivideoparser.pdb
c:\users\supra\source\repos\dji archview client\djivideoparser\x64\debug\djivideoparser.tlog\cl.command.1.tlog
c:\users\supra\source\repos\dji archview client\djivideoparser\x64\debug\djivideoparser.tlog\cl.read.1.tlog
c:\users\supra\source\repos\dji archview client\djivideoparser\x64\debug\djivideoparser.tlog\cl.write.1.tlog
c:\users\supra\source\repos\dji archview client\djivideoparser\x64\debug\djivideoparser.tlog\djivideoparser.read.1u.tlog
c:\users\supra\source\repos\dji archview client\djivideoparser\x64\debug\djivideoparser.tlog\djivideoparser.write.1u.tlog
c:\users\supra\source\repos\dji archview client\djivideoparser\x64\debug\djivideoparser.tlog\link.command.1.tlog
c:\users\supra\source\repos\dji archview client\djivideoparser\x64\debug\djivideoparser.tlog\link.delete.1.tlog
c:\users\supra\source\repos\dji archview client\djivideoparser\x64\debug\djivideoparser.tlog\link.read.1.tlog
c:\users\supra\source\repos\dji archview client\djivideoparser\x64\debug\djivideoparser.tlog\link.write.1.tlog
